2019-08-27 12:35:13,480 INFO o.a.j.u.JMeterUtils: Setting Locale to en_US
2019-08-27 12:35:13,577 INFO o.a.j.JMeter: Loading user properties from: /home/vagrant/Downloads/apache-jmeter-5.1.1/bin/user.properties
2019-08-27 12:35:13,578 INFO o.a.j.JMeter: Loading system properties from: /home/vagrant/Downloads/apache-jmeter-5.1.1/bin/system.properties
2019-08-27 12:35:13,594 INFO o.a.j.JMeter: Copyright (c) 1998-2019 The Apache Software Foundation
2019-08-27 12:35:13,594 INFO o.a.j.JMeter: Version 5.1.1 r1855137
2019-08-27 12:35:13,595 INFO o.a.j.JMeter: java.version=11.0.4
2019-08-27 12:35:13,595 INFO o.a.j.JMeter: java.vm.name=OpenJDK 64-Bit Server VM
2019-08-27 12:35:13,595 INFO o.a.j.JMeter: os.name=Linux
2019-08-27 12:35:13,595 INFO o.a.j.JMeter: os.arch=amd64
2019-08-27 12:35:13,595 INFO o.a.j.JMeter: os.version=4.15.0-58-generic
2019-08-27 12:35:13,596 INFO o.a.j.JMeter: file.encoding=UTF-8
2019-08-27 12:35:13,596 INFO o.a.j.JMeter: java.awt.headless=null
2019-08-27 12:35:13,596 INFO o.a.j.JMeter: Max memory     =1033895936
2019-08-27 12:35:13,597 INFO o.a.j.JMeter: Available Processors =3
2019-08-27 12:35:13,617 INFO o.a.j.JMeter: Default Locale=English (United States)
2019-08-27 12:35:13,618 INFO o.a.j.JMeter: JMeter  Locale=English (United States)
2019-08-27 12:35:13,618 INFO o.a.j.JMeter: JMeterHome=/home/vagrant/Downloads/apache-jmeter-5.1.1
2019-08-27 12:35:13,618 INFO o.a.j.JMeter: user.dir  =/home/vagrant/projects/JAQU-CAZ-National-Taxi-Register-UI/jmeter
2019-08-27 12:35:13,619 INFO o.a.j.JMeter: PWD       =/home/vagrant/projects/JAQU-CAZ-National-Taxi-Register-UI/jmeter
2019-08-27 12:35:13,620 INFO o.a.j.JMeter: IP: 127.0.1.1 Name: ubuntu-bionic FullName: ubuntu-bionic
2019-08-27 12:35:14,601 INFO o.a.j.g.a.LookAndFeelCommand: Installing Darcula LAF
2019-08-27 12:35:14,710 INFO o.a.j.g.a.LookAndFeelCommand: Using look and feel: com.bulenkov.darcula.DarculaLaf [Darcula]
2019-08-27 12:35:14,710 INFO o.a.j.JMeter: Setting LAF to: com.bulenkov.darcula.DarculaLaf
2019-08-27 12:35:14,955 INFO o.a.j.JMeter: Loaded icon properties from org/apache/jmeter/images/icon.properties
2019-08-27 12:35:19,385 INFO o.a.j.p.h.s.HTTPSamplerBase: Parser for text/html is org.apache.jmeter.protocol.http.parser.LagartoBasedHtmlParser
2019-08-27 12:35:19,387 INFO o.a.j.p.h.s.HTTPSamplerBase: Parser for application/xhtml+xml is org.apache.jmeter.protocol.http.parser.LagartoBasedHtmlParser
2019-08-27 12:35:19,387 INFO o.a.j.p.h.s.HTTPSamplerBase: Parser for application/xml is org.apache.jmeter.protocol.http.parser.LagartoBasedHtmlParser
2019-08-27 12:35:19,388 INFO o.a.j.p.h.s.HTTPSamplerBase: Parser for text/xml is org.apache.jmeter.protocol.http.parser.LagartoBasedHtmlParser
2019-08-27 12:35:19,388 INFO o.a.j.p.h.s.HTTPSamplerBase: Parser for text/vnd.wap.wml is org.apache.jmeter.protocol.http.parser.RegexpHTMLParser
2019-08-27 12:35:19,388 INFO o.a.j.p.h.s.HTTPSamplerBase: Parser for text/css is org.apache.jmeter.protocol.http.parser.CssParser
2019-08-27 12:35:20,326 INFO o.a.j.e.KeyToolUtils: keytool found at 'keytool'
2019-08-27 12:35:20,327 INFO o.a.j.p.h.p.ProxyControl: HTTP(S) Test Script Recorder SSL Proxy will use keys that support embedded 3rd party resources in file /home/vagrant/Downloads/apache-jmeter-5.1.1/bin/proxyserver.jks
2019-08-27 12:35:20,818 INFO o.a.j.s.FileServer: Default base='/home/vagrant/projects/JAQU-CAZ-National-Taxi-Register-UI/jmeter'
2019-08-27 12:35:21,777 INFO o.a.j.s.SampleResult: Note: Sample TimeStamps are START times
2019-08-27 12:35:21,777 INFO o.a.j.s.SampleResult: sampleresult.default.encoding is set to ISO-8859-1
2019-08-27 12:35:21,778 INFO o.a.j.s.SampleResult: sampleresult.useNanoTime=true
2019-08-27 12:35:21,778 INFO o.a.j.s.SampleResult: sampleresult.nanoThreadSleep=5000
2019-08-27 12:35:21,841 INFO o.a.j.v.ViewResultsFullVisualizer: Add JavaFX to your Java installation if you want to use renderer: org.apache.jmeter.visualizers.RenderInBrowser
2019-08-27 12:35:25,593 INFO o.a.j.g.a.Load: Loading file: /home/vagrant/projects/JAQU-CAZ-QA-performance/ntr_valid_upload.jmx
2019-08-27 12:35:25,594 INFO o.a.j.s.FileServer: Set new base='/home/vagrant/projects/JAQU-CAZ-QA-performance'
2019-08-27 12:35:26,023 INFO o.a.j.s.SaveService: Testplan (JMX) version: 2.2. Testlog (JTL) version: 2.2
2019-08-27 12:35:26,093 INFO o.a.j.s.SaveService: Using SaveService properties version 5.0
2019-08-27 12:35:26,099 INFO o.a.j.s.SaveService: Using SaveService properties file encoding UTF-8
2019-08-27 12:35:26,106 INFO o.a.j.s.SaveService: Loading file: /home/vagrant/projects/JAQU-CAZ-QA-performance/ntr_valid_upload.jmx
2019-08-27 12:35:26,191 INFO o.a.j.p.h.c.CookieManager: Settings: Delete null: true Check: true Allow variable: true Save: false Prefix: COOKIE_
2019-08-27 12:35:26,681 INFO o.a.j.v.ViewResultsFullVisualizer: Add JavaFX to your Java installation if you want to use renderer: org.apache.jmeter.visualizers.RenderInBrowser
2019-08-27 12:35:26,911 INFO o.a.j.v.ViewResultsFullVisualizer: Add JavaFX to your Java installation if you want to use renderer: org.apache.jmeter.visualizers.RenderInBrowser
2019-08-27 12:35:27,055 INFO o.a.j.s.FileServer: Set new base='/home/vagrant/projects/JAQU-CAZ-QA-performance'
2019-08-27 12:36:18,643 INFO o.a.j.e.StandardJMeterEngine: Running the test!
2019-08-27 12:36:18,692 INFO o.a.j.s.SampleEvent: List of sample_variables: []
2019-08-27 12:36:18,692 INFO o.a.j.s.SampleEvent: List of sample_variables: []
2019-08-27 12:36:18,700 INFO o.a.j.e.u.CompoundVariable: Note: Function class names must contain the string: '.functions.'
2019-08-27 12:36:18,702 INFO o.a.j.e.u.CompoundVariable: Note: Function class names must not contain the string: '.gui.'
2019-08-27 12:36:19,490 INFO o.a.j.g.u.JMeterMenuBar: setRunning(true, *local*)
2019-08-27 12:36:19,725 INFO o.a.j.e.StandardJMeterEngine: Starting ThreadGroup: 1 : Thread Group
2019-08-27 12:36:19,726 INFO o.a.j.e.StandardJMeterEngine: Starting 1 threads for group Thread Group.
2019-08-27 12:36:19,726 INFO o.a.j.e.StandardJMeterEngine: Thread will continue on error
2019-08-27 12:36:19,727 INFO o.a.j.t.ThreadGroup: Starting thread group... number=1 threads=1 ramp-up=1 delayedStart=false
2019-08-27 12:36:19,740 INFO o.a.j.t.ThreadGroup: Started thread group number 1
2019-08-27 12:36:19,740 INFO o.a.j.e.StandardJMeterEngine: All thread groups have been started
2019-08-27 12:36:19,756 INFO o.a.j.t.JMeterThread: Thread started: Thread Group 1-1
2019-08-27 12:36:19,792 INFO o.a.j.p.h.s.HTTPHCAbstractImpl: Local host = ubuntu-bionic
2019-08-27 12:36:19,804 INFO o.a.j.p.h.s.HTTPHC4Impl: HTTP request retry count = 0
2019-08-27 12:36:21,451 INFO o.a.j.e.J.JSR223 PostProcessor: ***************************22222222WOaoUY24cKE8xXIvZGycKXHQgKo5JBo7AyrB5y+kcWGamBWhYCeVvpZ+ffwEFquJYvdBAunnhLRJ3BjBq+rZWw==
2019-08-27 12:36:21,473 INFO o.a.j.s.FileServer: Stored: /home/vagrant/Downloads/apache-jmeter-5.1.1/bin/CAZ-2018-01-08-leedsf-4321.csv
2019-08-27 12:36:21,993 INFO o.a.j.t.JMeterThread: Thread is done: Thread Group 1-1
2019-08-27 12:36:21,993 INFO o.a.j.t.JMeterThread: Thread finished: Thread Group 1-1
2019-08-27 12:36:21,995 INFO o.a.j.e.StandardJMeterEngine: Notifying test listeners of end of test
2019-08-27 12:36:21,996 INFO o.a.j.g.u.JMeterMenuBar: setRunning(false, *local*)
2019-08-27 12:37:15,336 INFO o.a.j.e.StandardJMeterEngine: Running the test!
2019-08-27 12:37:15,340 INFO o.a.j.s.SampleEvent: List of sample_variables: []
2019-08-27 12:37:15,351 INFO o.a.j.g.u.JMeterMenuBar: setRunning(true, *local*)
2019-08-27 12:37:15,398 INFO o.a.j.e.StandardJMeterEngine: Starting ThreadGroup: 1 : Thread Group
2019-08-27 12:37:15,398 INFO o.a.j.e.StandardJMeterEngine: Starting 1 threads for group Thread Group.
2019-08-27 12:37:15,399 INFO o.a.j.e.StandardJMeterEngine: Thread will continue on error
2019-08-27 12:37:15,399 INFO o.a.j.t.ThreadGroup: Starting thread group... number=1 threads=1 ramp-up=1 delayedStart=false
2019-08-27 12:37:15,403 INFO o.a.j.t.ThreadGroup: Started thread group number 1
2019-08-27 12:37:15,404 INFO o.a.j.e.StandardJMeterEngine: All thread groups have been started
2019-08-27 12:37:15,405 INFO o.a.j.t.JMeterThread: Thread started: Thread Group 1-1
2019-08-27 12:37:15,850 INFO o.a.j.e.J.JSR223 PostProcessor: ***************************22222222OurgACUEjSOXOksKADZZP4WJZ5lPm8f0+pM4zbQkRQKmpxmlbHCNP7DwzqWHJplLt9HDP3Y6eX/59I/9Lg47Qw==
2019-08-27 12:37:15,852 INFO o.a.j.s.FileServer: Stored: /home/vagrant/Downloads/apache-jmeter-5.1.1/bin/CAZ-2018-01-08-leedsf-4321.csv
2019-08-27 12:37:16,357 INFO o.a.j.t.JMeterThread: Thread is done: Thread Group 1-1
2019-08-27 12:37:16,358 INFO o.a.j.t.JMeterThread: Thread finished: Thread Group 1-1
2019-08-27 12:37:16,360 INFO o.a.j.e.StandardJMeterEngine: Notifying test listeners of end of test
2019-08-27 12:37:16,360 INFO o.a.j.g.u.JMeterMenuBar: setRunning(false, *local*)
2019-08-27 12:37:21,519 INFO o.a.j.e.StandardJMeterEngine: Running the test!
2019-08-27 12:37:21,520 INFO o.a.j.s.SampleEvent: List of sample_variables: []
2019-08-27 12:37:21,527 INFO o.a.j.g.u.JMeterMenuBar: setRunning(true, *local*)
2019-08-27 12:37:21,776 INFO o.a.j.e.StandardJMeterEngine: Starting ThreadGroup: 1 : Thread Group
2019-08-27 12:37:21,777 INFO o.a.j.e.StandardJMeterEngine: Starting 1 threads for group Thread Group.
2019-08-27 12:37:21,777 INFO o.a.j.e.StandardJMeterEngine: Thread will continue on error
2019-08-27 12:37:21,777 INFO o.a.j.t.ThreadGroup: Starting thread group... number=1 threads=1 ramp-up=1 delayedStart=false
2019-08-27 12:37:21,783 INFO o.a.j.t.ThreadGroup: Started thread group number 1
2019-08-27 12:37:21,783 INFO o.a.j.e.StandardJMeterEngine: All thread groups have been started
2019-08-27 12:37:21,785 INFO o.a.j.t.JMeterThread: Thread started: Thread Group 1-1
2019-08-27 12:37:22,224 INFO o.a.j.e.J.JSR223 PostProcessor: ***************************22222222ckwuhG8bIwA2Ux+7GyHPBvKFmHCobX+4AO+uzbSOxV5wMVIBlTX/ZjtYTcnBXgRH1XuI4CeqyP+/SBU8+CRQcQ==
2019-08-27 12:37:22,226 INFO o.a.j.s.FileServer: Stored: /home/vagrant/Downloads/apache-jmeter-5.1.1/bin/CAZ-2018-01-08-leedsf-4321.csv
2019-08-27 12:37:22,773 INFO o.a.j.t.JMeterThread: Thread is done: Thread Group 1-1
2019-08-27 12:37:22,774 INFO o.a.j.t.JMeterThread: Thread finished: Thread Group 1-1
2019-08-27 12:37:22,777 INFO o.a.j.e.StandardJMeterEngine: Notifying test listeners of end of test
2019-08-27 12:37:22,778 INFO o.a.j.g.u.JMeterMenuBar: setRunning(false, *local*)
2019-08-27 12:37:42,154 INFO o.a.j.e.StandardJMeterEngine: Running the test!
2019-08-27 12:37:42,156 INFO o.a.j.s.SampleEvent: List of sample_variables: []
2019-08-27 12:37:42,160 INFO o.a.j.g.u.JMeterMenuBar: setRunning(true, *local*)
2019-08-27 12:37:42,395 INFO o.a.j.e.StandardJMeterEngine: Starting ThreadGroup: 1 : Thread Group
2019-08-27 12:37:42,396 INFO o.a.j.e.StandardJMeterEngine: Starting 1 threads for group Thread Group.
2019-08-27 12:37:42,396 INFO o.a.j.e.StandardJMeterEngine: Thread will continue on error
2019-08-27 12:37:42,396 INFO o.a.j.t.ThreadGroup: Starting thread group... number=1 threads=1 ramp-up=1 delayedStart=false
2019-08-27 12:37:42,407 INFO o.a.j.t.ThreadGroup: Started thread group number 1
2019-08-27 12:37:42,407 INFO o.a.j.e.StandardJMeterEngine: All thread groups have been started
2019-08-27 12:37:42,416 INFO o.a.j.t.JMeterThread: Thread started: Thread Group 1-1
2019-08-27 12:37:42,870 INFO o.a.j.e.J.JSR223 PostProcessor: ***************************22222222kA/WV4yOI2i2pC3l7JRhkJ6w5QCd9+L492QN/eszJ53mHqLhu1r9KWJwa1isxRHRiKtkhROMsWvfy6AOR/l8ug==
2019-08-27 12:37:42,872 INFO o.a.j.s.FileServer: Stored: /home/vagrant/Downloads/apache-jmeter-5.1.1/bin/CAZ-2018-01-08-leedsf-4321.csv
2019-08-27 12:37:43,326 INFO o.a.j.t.JMeterThread: Thread is done: Thread Group 1-1
2019-08-27 12:37:43,327 INFO o.a.j.t.JMeterThread: Thread finished: Thread Group 1-1
2019-08-27 12:37:43,330 INFO o.a.j.e.StandardJMeterEngine: Notifying test listeners of end of test
2019-08-27 12:37:43,332 INFO o.a.j.g.u.JMeterMenuBar: setRunning(false, *local*)
2019-08-27 12:40:36,716 INFO o.a.j.s.FileServer: Set new base='/home/vagrant/projects/JAQU-CAZ-National-Taxi-Register-UI/jmeter'
2019-08-27 12:42:39,265 INFO o.a.j.e.StandardJMeterEngine: Running the test!
2019-08-27 12:42:39,266 INFO o.a.j.s.SampleEvent: List of sample_variables: []
2019-08-27 12:42:39,271 INFO o.a.j.g.u.JMeterMenuBar: setRunning(true, *local*)
2019-08-27 12:42:39,289 INFO o.a.j.e.StandardJMeterEngine: Starting ThreadGroup: 1 : Thread Group
2019-08-27 12:42:39,289 INFO o.a.j.e.StandardJMeterEngine: Starting 1 threads for group Thread Group.
2019-08-27 12:42:39,290 INFO o.a.j.e.StandardJMeterEngine: Thread will continue on error
2019-08-27 12:42:39,290 INFO o.a.j.t.ThreadGroup: Starting thread group... number=1 threads=1 ramp-up=1 delayedStart=false
2019-08-27 12:42:39,301 INFO o.a.j.t.ThreadGroup: Started thread group number 1
2019-08-27 12:42:39,302 INFO o.a.j.e.StandardJMeterEngine: All thread groups have been started
2019-08-27 12:42:39,303 INFO o.a.j.t.JMeterThread: Thread started: Thread Group 1-1
2019-08-27 12:42:39,788 INFO o.a.j.e.J.JSR223 PostProcessor: ***************************22222222TQdsHNum9Sc+xVn7MuResJdTkMQ8m7FcmF05qANmB6o7W1rulW7cIVv70hlQY8mCseNlAy59S769D+V6w4W5nA==
2019-08-27 12:42:39,791 INFO o.a.j.s.FileServer: Stored: /home/vagrant/projects/JAQU-CAZ-National-Taxi-Register-UI/jmeter/CAZ-2020-01-08-100-1.csv
2019-08-27 12:42:40,869 INFO o.a.j.t.JMeterThread: Thread is done: Thread Group 1-1
2019-08-27 12:42:40,870 INFO o.a.j.t.JMeterThread: Thread finished: Thread Group 1-1
2019-08-27 12:42:40,872 INFO o.a.j.e.StandardJMeterEngine: Notifying test listeners of end of test
2019-08-27 12:42:40,872 INFO o.a.j.g.u.JMeterMenuBar: setRunning(false, *local*)
2019-08-29 10:00:53,543 INFO o.a.j.e.StandardJMeterEngine: Running the test!
2019-08-29 10:00:53,545 INFO o.a.j.s.SampleEvent: List of sample_variables: []
2019-08-29 10:00:53,551 INFO o.a.j.g.u.JMeterMenuBar: setRunning(true, *local*)
2019-08-29 10:00:53,830 INFO o.a.j.e.StandardJMeterEngine: Starting ThreadGroup: 1 : Thread Group
2019-08-29 10:00:53,830 INFO o.a.j.e.StandardJMeterEngine: Starting 1 threads for group Thread Group.
2019-08-29 10:00:53,831 INFO o.a.j.e.StandardJMeterEngine: Thread will continue on error
2019-08-29 10:00:53,833 INFO o.a.j.t.ThreadGroup: Starting thread group... number=1 threads=1 ramp-up=1 delayedStart=false
2019-08-29 10:00:53,841 INFO o.a.j.t.ThreadGroup: Started thread group number 1
2019-08-29 10:00:53,842 INFO o.a.j.e.StandardJMeterEngine: All thread groups have been started
2019-08-29 10:00:53,848 INFO o.a.j.t.JMeterThread: Thread started: Thread Group 1-1
2019-08-29 10:00:54,360 INFO o.a.j.e.J.JSR223 PostProcessor: ***************************22222222UXlNleJ5fgJJZ8Bczq0ChkfkOwJtVrr3tGOYUnjZ93Uos3neLyb31Qa++xQwJBVQQIIqwOGophXQwklQRU3Q0w==
2019-08-29 10:00:54,362 INFO o.a.j.s.FileServer: Stored: /home/vagrant/projects/JAQU-CAZ-National-Taxi-Register-UI/jmeter/CAZ-2020-01-08-100-1.csv
2019-08-29 10:00:58,428 INFO o.a.j.t.JMeterThread: Thread is done: Thread Group 1-1
2019-08-29 10:00:58,428 INFO o.a.j.t.JMeterThread: Thread finished: Thread Group 1-1
2019-08-29 10:00:58,436 INFO o.a.j.e.StandardJMeterEngine: Notifying test listeners of end of test
2019-08-29 10:00:58,437 INFO o.a.j.g.u.JMeterMenuBar: setRunning(false, *local*)
2019-08-29 11:10:46,568 INFO o.a.j.e.StandardJMeterEngine: Running the test!
2019-08-29 11:10:46,574 INFO o.a.j.s.SampleEvent: List of sample_variables: []
2019-08-29 11:10:46,578 INFO o.a.j.g.u.JMeterMenuBar: setRunning(true, *local*)
2019-08-29 11:10:46,873 INFO o.a.j.e.StandardJMeterEngine: Starting ThreadGroup: 1 : Thread Group
2019-08-29 11:10:46,874 INFO o.a.j.e.StandardJMeterEngine: Starting 1 threads for group Thread Group.
2019-08-29 11:10:46,874 INFO o.a.j.e.StandardJMeterEngine: Thread will continue on error
2019-08-29 11:10:46,874 INFO o.a.j.t.ThreadGroup: Starting thread group... number=1 threads=1 ramp-up=1 delayedStart=false
2019-08-29 11:10:46,883 INFO o.a.j.t.ThreadGroup: Started thread group number 1
2019-08-29 11:10:46,883 INFO o.a.j.e.StandardJMeterEngine: All thread groups have been started
2019-08-29 11:10:46,886 INFO o.a.j.t.JMeterThread: Thread started: Thread Group 1-1
2019-08-29 11:10:47,524 INFO o.a.j.s.FileServer: Stored: /home/vagrant/projects/JAQU-CAZ-National-Taxi-Register-UI/jmeter/CAZ-2020-01-08-100-1.csv
2019-08-29 11:10:49,416 INFO o.a.j.t.JMeterThread: Thread is done: Thread Group 1-1
2019-08-29 11:10:49,416 INFO o.a.j.t.JMeterThread: Thread finished: Thread Group 1-1
2019-08-29 11:10:49,417 INFO o.a.j.e.StandardJMeterEngine: Notifying test listeners of end of test
2019-08-29 11:10:49,418 INFO o.a.j.g.u.JMeterMenuBar: setRunning(false, *local*)
2019-08-29 11:11:25,529 INFO o.a.j.e.StandardJMeterEngine: Running the test!
2019-08-29 11:11:25,541 INFO o.a.j.s.SampleEvent: List of sample_variables: []
2019-08-29 11:11:25,544 INFO o.a.j.g.u.JMeterMenuBar: setRunning(true, *local*)
2019-08-29 11:11:25,791 INFO o.a.j.e.StandardJMeterEngine: Starting ThreadGroup: 1 : Thread Group
2019-08-29 11:11:25,791 INFO o.a.j.e.StandardJMeterEngine: Starting 1 threads for group Thread Group.
2019-08-29 11:11:25,792 INFO o.a.j.e.StandardJMeterEngine: Thread will continue on error
2019-08-29 11:11:25,792 INFO o.a.j.t.ThreadGroup: Starting thread group... number=1 threads=1 ramp-up=1 delayedStart=false
2019-08-29 11:11:25,797 INFO o.a.j.t.ThreadGroup: Started thread group number 1
2019-08-29 11:11:25,798 INFO o.a.j.e.StandardJMeterEngine: All thread groups have been started
2019-08-29 11:11:25,802 INFO o.a.j.t.JMeterThread: Thread started: Thread Group 1-1
2019-08-29 11:11:26,199 INFO o.a.j.s.FileServer: Stored: /home/vagrant/projects/JAQU-CAZ-National-Taxi-Register-UI/jmeter/CAZ-2020-01-08-100-1.csv
2019-08-29 11:11:28,061 INFO o.a.j.t.JMeterThread: Thread is done: Thread Group 1-1
2019-08-29 11:11:28,061 INFO o.a.j.t.JMeterThread: Thread finished: Thread Group 1-1
2019-08-29 11:11:28,062 INFO o.a.j.e.StandardJMeterEngine: Notifying test listeners of end of test
2019-08-29 11:11:28,062 INFO o.a.j.g.u.JMeterMenuBar: setRunning(false, *local*)
2019-08-29 11:16:50,560 INFO o.a.j.e.StandardJMeterEngine: Running the test!
2019-08-29 11:16:50,564 INFO o.a.j.s.SampleEvent: List of sample_variables: []
2019-08-29 11:16:50,568 INFO o.a.j.g.u.JMeterMenuBar: setRunning(true, *local*)
2019-08-29 11:16:50,841 INFO o.a.j.e.StandardJMeterEngine: Starting ThreadGroup: 1 : Thread Group
2019-08-29 11:16:50,842 INFO o.a.j.e.StandardJMeterEngine: Starting 1 threads for group Thread Group.
2019-08-29 11:16:50,842 INFO o.a.j.e.StandardJMeterEngine: Thread will continue on error
2019-08-29 11:16:50,842 INFO o.a.j.t.ThreadGroup: Starting thread group... number=1 threads=1 ramp-up=1 delayedStart=false
2019-08-29 11:16:50,845 INFO o.a.j.t.ThreadGroup: Started thread group number 1
2019-08-29 11:16:50,845 INFO o.a.j.e.StandardJMeterEngine: All thread groups have been started
2019-08-29 11:16:50,848 INFO o.a.j.t.JMeterThread: Thread started: Thread Group 1-1
2019-08-29 11:16:51,292 INFO o.a.j.s.FileServer: Stored: /home/vagrant/projects/JAQU-CAZ-National-Taxi-Register-UI/jmeter/CAZ-2020-01-08-100-1.csv
2019-08-29 11:17:49,353 INFO o.a.j.g.a.Start: Shutting test down
2019-08-29 11:17:49,379 INFO o.a.j.t.JMeterThread: Stopping: Thread Group 1-1
2019-08-29 11:17:49,517 INFO o.a.j.t.JMeterThread: Thread finished: Thread Group 1-1
2019-08-29 11:17:49,518 INFO o.a.j.e.StandardJMeterEngine: Notifying test listeners of end of test
2019-08-29 11:17:49,519 INFO o.a.j.g.u.JMeterMenuBar: setRunning(false, *local*)
2019-08-29 11:19:20,980 INFO o.a.j.e.StandardJMeterEngine: Running the test!
2019-08-29 11:19:20,981 INFO o.a.j.s.SampleEvent: List of sample_variables: []
2019-08-29 11:19:20,988 INFO o.a.j.g.u.JMeterMenuBar: setRunning(true, *local*)
2019-08-29 11:19:21,256 INFO o.a.j.e.StandardJMeterEngine: Starting ThreadGroup: 1 : Thread Group
2019-08-29 11:19:21,256 INFO o.a.j.e.StandardJMeterEngine: Starting 1 threads for group Thread Group.
2019-08-29 11:19:21,256 INFO o.a.j.e.StandardJMeterEngine: Thread will continue on error
2019-08-29 11:19:21,256 INFO o.a.j.t.ThreadGroup: Starting thread group... number=1 threads=1 ramp-up=1 delayedStart=false
2019-08-29 11:19:21,260 INFO o.a.j.t.ThreadGroup: Started thread group number 1
2019-08-29 11:19:21,260 INFO o.a.j.e.StandardJMeterEngine: All thread groups have been started
2019-08-29 11:19:21,265 INFO o.a.j.t.JMeterThread: Thread started: Thread Group 1-1
2019-08-29 11:19:21,705 INFO o.a.j.s.FileServer: Stored: /home/vagrant/projects/JAQU-CAZ-National-Taxi-Register-UI/jmeter/CAZ-2020-01-08-100-1.csv
2019-08-29 11:19:25,723 INFO o.a.j.t.JMeterThread: Thread is done: Thread Group 1-1
2019-08-29 11:19:25,723 INFO o.a.j.t.JMeterThread: Thread finished: Thread Group 1-1
2019-08-29 11:19:25,725 INFO o.a.j.e.StandardJMeterEngine: Notifying test listeners of end of test
2019-08-29 11:19:25,726 INFO o.a.j.g.u.JMeterMenuBar: setRunning(false, *local*)
2019-08-29 11:28:44,435 INFO o.a.j.e.StandardJMeterEngine: Running the test!
2019-08-29 11:28:44,435 INFO o.a.j.s.SampleEvent: List of sample_variables: []
2019-08-29 11:28:44,438 INFO o.a.j.g.u.JMeterMenuBar: setRunning(true, *local*)
2019-08-29 11:28:44,691 INFO o.a.j.e.StandardJMeterEngine: Starting ThreadGroup: 1 : Thread Group
2019-08-29 11:28:44,691 INFO o.a.j.e.StandardJMeterEngine: Starting 1 threads for group Thread Group.
2019-08-29 11:28:44,692 INFO o.a.j.e.StandardJMeterEngine: Thread will continue on error
2019-08-29 11:28:44,692 INFO o.a.j.t.ThreadGroup: Starting thread group... number=1 threads=1 ramp-up=1 delayedStart=false
2019-08-29 11:28:44,693 INFO o.a.j.t.ThreadGroup: Started thread group number 1
2019-08-29 11:28:44,693 INFO o.a.j.e.StandardJMeterEngine: All thread groups have been started
2019-08-29 11:28:44,696 INFO o.a.j.t.JMeterThread: Thread started: Thread Group 1-1
2019-08-29 11:28:45,153 INFO o.a.j.s.FileServer: Stored: /home/vagrant/projects/JAQU-CAZ-QA-selenium/CAZ-2020-01-08-100-1.csv
2019-08-29 11:28:48,822 INFO o.a.j.t.JMeterThread: Thread is done: Thread Group 1-1
2019-08-29 11:28:48,822 INFO o.a.j.t.JMeterThread: Thread finished: Thread Group 1-1
2019-08-29 11:28:48,823 INFO o.a.j.e.StandardJMeterEngine: Notifying test listeners of end of test
2019-08-29 11:28:48,823 INFO o.a.j.g.u.JMeterMenuBar: setRunning(false, *local*)
